<?xml version="1.0" encoding="UTF-8"?>
<!-- Generated by org.testng.reporters.JUnitXMLReporter -->
<testsuite ignored="0" hostname="YashrajShrivastava-D24JG34XPX" failures="0" tests="3" name="Surefire test" time="6.671" errors="0" timestamp="2024-10-16T00:33:04 IST">
  <testcase classname="BasicTest" name="testBrowserStackTitle" time="1.02"/>
  <testcase classname="LocalMultiBrowserTest" name="testBrowserStackTitle" time="1.033"/>
  <testcase classname="com.example.BrowserStackTest" name="testBrowserStackTitle" time="1.277"/>
</testsuite> <!-- Surefire test -->
