<?xml version="1.0" encoding="UTF-8"?>
<testsuite xmlns:xsi="http://www.w3.org/2001/XMLSchema-instance" xsi:noNamespaceSchemaLocation="https://maven.apache.org/surefire/maven-surefire-plugin/xsd/surefire-test-report-3.0.xsd" version="3.0" name="TestSuite" time="12.592" tests="3" errors="0" skipped="0" failures="0">
  <properties>
[...]
</properties>
  <testcase name="testBrowserStackTitle" classname="LocalMultiBrowserTest" time="0.498">
    <system-out><![CDATA[==========Received Browser Parameter: safari
==========Received Browser Parameter: chrome
==========Running on Grid: true
==========Running on Grid: true
==========Received Browser Parameter: firefox
==========Running on Grid: true
]]></system-out>
    <system-err><![CDATA[Oct 16, 2024 11:54:14 PM org.openqa.selenium.remote.ProtocolHandshake createSession
INFO: Detected dialect: W3C
Oct 16, 2024 11:54:15 PM org.openqa.selenium.remote.ProtocolHandshake createSession
INFO: Detected dialect: W3C
]]></system-err>
  </testcase>
  <testcase name="testBrowserStackTitle" classname="LocalMultiBrowserTest" time="0.863">
    <system-err><![CDATA[Oct 16, 2024 11:54:16 PM org.openqa.selenium.remote.ProtocolHandshake createSession
INFO: Detected dialect: W3C
]]></system-err>
  </testcase>
  <testcase name="testBrowserStackTitle" classname="LocalMultiBrowserTest" time="1.135"/>
</testsuite>