<?xml version="1.0" encoding="UTF-8"?>
<testng-results ignored="2" total="4" passed="1" failed="1" skipped="0">
  <reporter-output>
  </reporter-output>
  <suite started-at="2024-11-15T14:24:10 IST" name="BrowserStack Test Suite" finished-at="2024-11-15T14:25:08 IST" duration-ms="58587">
    <groups>
    </groups>
    <test started-at="2024-11-15T14:24:10 IST" name="Chrome Test" finished-at="2024-11-15T14:25:08 IST" duration-ms="58587">
      <class name="com.example.BrowserStackRemoteNgTest">
        <test-method is-config="true" signature="setUp(java.lang.String,java.lang.String,java.lang.String,java.lang.String)[pri:0, instance:com.example.BrowserStackRemoteNgTest@3e92efc3]" started-at="2024-11-15T14:24:10 IST" name="setUp" finished-at="2024-11-15T14:24:23 IST" duration-ms="13817" status="PASS">
          <params>
            <param index="0">
              <value>
                <![CDATA[chrome]]>
              </value>
            </param>
            <param index="1">
              <value>
                <![CDATA[latest]]>
              </value>
            </param>
            <param index="2">
              <value>
                <![CDATA[Windows]]>
              </value>
            </param>
            <param index="3">
              <value>
                <![CDATA[10]]>
              </value>
            </param>
          </params>
          <reporter-output>
          </reporter-output>
        </test-method> <!-- setUp -->
        <test-method signature="addItemToCart()[pri:1, instance:com.example.BrowserStackRemoteNgTest@3e92efc3]" started-at="2024-11-15T14:24:23 IST" name="addItemToCart" finished-at="2024-11-15T14:24:30 IST" duration-ms="6499" status="PASS">
          <reporter-output>
          </reporter-output>
        </test-method> <!-- addItemToCart -->
        <test-method is-config="true" signature="tearDown()[pri:0, instance:com.example.BrowserStackRemoteNgTest@3e92efc3]" started-at="2024-11-15T14:24:30 IST" name="tearDown" finished-at="2024-11-15T14:24:31 IST" duration-ms="1353" status="PASS">
          <reporter-output>
          </reporter-output>
        </test-method> <!-- tearDown -->
        <test-method is-config="true" signature="setUp(java.lang.String,java.lang.String,java.lang.String,java.lang.String)[pri:0, instance:com.example.BrowserStackRemoteNgTest@3e92efc3]" started-at="2024-11-15T14:24:31 IST" name="setUp" finished-at="2024-11-15T14:24:44 IST" duration-ms="12695" status="PASS">
          <params>
            <param index="0">
              <value>
                <![CDATA[chrome]]>
              </value>
            </param>
            <param index="1">
              <value>
                <![CDATA[latest]]>
              </value>
            </param>
            <param index="2">
              <value>
                <![CDATA[Windows]]>
              </value>
            </param>
            <param index="3">
              <value>
                <![CDATA[10]]>
              </value>
            </param>
          </params>
          <reporter-output>
          </reporter-output>
        </test-method> <!-- setUp -->
        <test-method signature="proceedToCheckout()[pri:2, instance:com.example.BrowserStackRemoteNgTest@3e92efc3]" started-at="2024-11-15T14:24:44 IST" name="proceedToCheckout" finished-at="2024-11-15T14:25:07 IST" depends-on-methods="com.example.BrowserStackRemoteNgTest.addItemToCart" duration-ms="22709" status="FAIL">
          <exception class="org.openqa.selenium.TimeoutException">
            <message>
              <![CDATA[Expected condition failed: waiting for visibility of element located by By.xpath: //div[contains(@class, 'float-cart__content')] (tried for 20 second(s) with 500 milliseconds interval)
Build info: version: '4.11.0', revision: '040bc5406b'
System info: os.name: 'Mac OS X', os.arch: 'aarch64', os.version: '15.1', java.version: '23'
Driver info: org.openqa.selenium.remote.RemoteWebDriver
Capabilities {acceptInsecureCerts: true, browserName: chrome, browserVersion: 130.0.6723.59, chrome: {chromedriverVersion: 130.0.6723.44 (0927c6858981..., userDataDir: C:\Windows\proxy\scoped_dir...}, fedcm:accounts: true, goog:chromeOptions: {debuggerAddress: localhost:9222}, goog:loggingPrefs: {browser: INFO, driver: ALL, server: ALL}, networkConnectionEnabled: false, pageLoadStrategy: normal, platformName: Windows XP, proxy: Proxy(), se:bidiEnabled: false, se:cdpVersion: 130.0.6723.59, setWindowRect: true, strictFileInteractability: false, timeouts: {implicit: 3000, pageLoad: 300000, script: 30000}, unhandledPromptBehavior: dismiss and notify, webauthn:extension:credBlob: true, webauthn:extension:largeBlob: true, webauthn:extension:minPinLength: true, webauthn:extension:prf: true, webauthn:virtualAuthenticators: true}
Session ID: 2c1936caf9dbeeee565932ff0f97651d751d1a4f]]>
            </message>
            <full-stacktrace>
              <![CDATA[org.openqa.selenium.TimeoutException: Expected condition failed: waiting for visibility of element located by By.xpath: //div[contains(@class, 'float-cart__content')] (tried for 20 second(s) with 500 milliseconds interval)
Build info: version: '4.11.0', revision: '040bc5406b'
System info: os.name: 'Mac OS X', os.arch: 'aarch64', os.version: '15.1', java.version: '23'
Driver info: org.openqa.selenium.remote.RemoteWebDriver
Capabilities {acceptInsecureCerts: true, browserName: chrome, browserVersion: 130.0.6723.59, chrome: {chromedriverVersion: 130.0.6723.44 (0927c6858981..., userDataDir: C:\Windows\proxy\scoped_dir...}, fedcm:accounts: true, goog:chromeOptions: {debuggerAddress: localhost:9222}, goog:loggingPrefs: {browser: INFO, driver: ALL, server: ALL}, networkConnectionEnabled: false, pageLoadStrategy: normal, platformName: Windows XP, proxy: Proxy(), se:bidiEnabled: false, se:cdpVersion: 130.0.6723.59, setWindowRect: true, strictFileInteractability: false, timeouts: {implicit: 3000, pageLoad: 300000, script: 30000}, unhandledPromptBehavior: dismiss and notify, webauthn:extension:credBlob: true, webauthn:extension:largeBlob: true, webauthn:extension:minPinLength: true, webauthn:extension:prf: true, webauthn:virtualAuthenticators: true}
Session ID: 2c1936caf9dbeeee565932ff0f97651d751d1a4f
at org.openqa.selenium.support.ui.WebDriverWait.timeoutException(WebDriverWait.java:84)
at org.openqa.selenium.support.ui.FluentWait.until(FluentWait.java:230)
at com.example.BrowserStackRemoteNgTest.proceedToCheckout(BrowserStackRemoteNgTest.java:71)
at java.base/jdk.internal.reflect.DirectMethodHandleAccessor.invoke(DirectMethodHandleAccessor.java:103)
at java.base/java.lang.reflect.Method.invoke(Method.java:580)
at org.testng.internal.MethodInvocationHelper.invokeMethod(MethodInvocationHelper.java:133)
at org.testng.internal.TestInvoker.invokeMethod(TestInvoker.java:598)
at org.testng.internal.TestInvoker.invokeTestMethod(TestInvoker.java:173)
at org.testng.internal.MethodRunner.runInSequence(MethodRunner.java:46)
at org.testng.internal.TestInvoker$MethodInvocationAgent.invoke(TestInvoker.java:824)
at org.testng.internal.TestInvoker.invokeTestMethods(TestInvoker.java:146)
at org.testng.internal.TestMethodWorker.invokeTestMethods(TestMethodWorker.java:146)
at org.testng.internal.TestMethodWorker.run(TestMethodWorker.java:128)
at java.base/java.util.ArrayList.forEach(ArrayList.java:1597)
at org.testng.TestRunner.privateRun(TestRunner.java:794)
at org.testng.TestRunner.run(TestRunner.java:596)
at org.testng.SuiteRunner.runTest(SuiteRunner.java:377)
at org.testng.SuiteRunner.access$000(SuiteRunner.java:28)
at org.testng.SuiteRunner$SuiteWorker.run(SuiteRunner.java:418)
at org.testng.internal.thread.ThreadUtil.lambda$execute$0(ThreadUtil.java:64)
at java.base/java.util.concurrent.FutureTask.run(FutureTask.java:317)
at java.base/java.util.concurrent.ThreadPoolExecutor.runWorker(ThreadPoolExecutor.java:1144)
at java.base/java.util.concurrent.ThreadPoolExecutor$Worker.run(ThreadPoolExecutor.java:642)
at java.base/java.lang.Thread.run(Thread.java:1575)
]]>
            </full-stacktrace>
          </exception> <!-- org.openqa.selenium.TimeoutException -->
          <reporter-output>
          </reporter-output>
        </test-method> <!-- proceedToCheckout -->
        <test-method is-config="true" signature="tearDown()[pri:0, instance:com.example.BrowserStackRemoteNgTest@3e92efc3]" started-at="2024-11-15T14:25:07 IST" name="tearDown" finished-at="2024-11-15T14:25:08 IST" duration-ms="1486" status="PASS">
          <reporter-output>
          </reporter-output>
        </test-method> <!-- tearDown -->
      </class> <!-- com.example.BrowserStackRemoteNgTest -->
    </test> <!-- Chrome Test -->
  </suite> <!-- BrowserStack Test Suite -->
</testng-results>
